<?xml version="1.0" encoding="UTF-8"?>
<!-- Generated by org.testng.reporters.JUnitReportReporter -->
<testsuite skipped="0" hostname="DESKTOP-0V7FTV3" name="com.testing.NewTest" tests="1" failures="0" timestamp="2023-02-20T21:02:46 IST" time="0.012" errors="0">
  <testcase name="testHelloWorld" time="0.012" classname="com.testing.NewTest"/>
  <system-out/>
</testsuite> <!-- com.testing.NewTest -->
